Arguments: 
  /usr/local/bin/node /usr/local/Cellar/yarn/1.12.3/libexec/bin/yarn.js add @types/recast

PATH: 
  /Users/joen/.sdkman/candidates/gradle/current/bin:/usr/local/bin:/usr/bin:/bin:/usr/sbin:/sbin:/Applications/VMware Fusion.app/Contents/Public:/Library/Frameworks/Mono.framework/Versions/Current/Commands:/Applications/Wireshark.app/Contents/MacOS:/usr/local/mysql/bin:/Users/joen/Library/Android/sdk/tools:/Users/joen/Library/Android/sdk/tools/bin:/Users/joen/Library/Android/sdk/platform-tools:/Users/joen/Library/Android/sdk/platform-tools

Yarn version: 
  1.12.3

Node version: 
  10.9.0

Platform: 
  darwin x64

Trace: 
  Error: https://registry.npmjs.org/@types%2frecast: Not found
      at Request.params.callback [as _callback] (/usr/local/Cellar/yarn/1.12.3/libexec/lib/cli.js:65894:18)
      at Request.self.callback (/usr/local/Cellar/yarn/1.12.3/libexec/lib/cli.js:129018:22)
      at Request.emit (events.js:182:13)
      at Request.<anonymous> (/usr/local/Cellar/yarn/1.12.3/libexec/lib/cli.js:129990:10)
      at Request.emit (events.js:182:13)
      at IncomingMessage.<anonymous> (/usr/local/Cellar/yarn/1.12.3/libexec/lib/cli.js:129912:12)
      at Object.onceWrapper (events.js:273:13)
      at IncomingMessage.emit (events.js:187:15)
      at endReadableNT (_stream_readable.js:1085:12)
      at process._tickCallback (internal/process/next_tick.js:63:19)

npm manifest: 
  {
    "name": "ast",
    "version": "1.0.0",
    "description": "",
    "main": "index.js",
    "scripts": {
      "test": "echo \"Error: no test specified\" && exit 1"
    },
    "author": "",
    "license": "MIT",
    "dependencies": {
      "recast": "^0.16.1"
    }
  }

yarn manifest: 
  No manifest

Lockfile: 
  # THIS IS AN AUTOGENERATED FILE. DO NOT EDIT THIS FILE DIRECTLY.
  # yarn lockfile v1
  
  
  ast-types@0.11.6:
    version "0.11.6"
    resolved "https://registry.yarnpkg.com/ast-types/-/ast-types-0.11.6.tgz#4e2266c2658829aef3b40cc33ad599c4e9eb89ef"
    integrity sha512-nHiuV14upVGl7MWwFUYbzJ6YlfwWS084CU9EA8HajfYQjMSli5TQi3UTRygGF58LFWVkXxS1rbgRhROEqlQkXg==
  
  esprima@~4.0.0:
    version "4.0.1"
    resolved "https://registry.yarnpkg.com/esprima/-/esprima-4.0.1.tgz#13b04cdb3e6c5d19df91ab6987a8695619b0aa71"
    integrity sha512-eGuFFw7Upda+g4p+QHvnW0RyTX/SVeJBDM/gCtMARO0cLuT2HcEKnTPvhjV6aGeqrCB/sbNop0Kszm0jsaWU4A==
  
  private@~0.1.5:
    version "0.1.8"
    resolved "https://registry.yarnpkg.com/private/-/private-0.1.8.tgz#2381edb3689f7a53d653190060fcf822d2f368ff"
    integrity sha512-VvivMrbvd2nKkiG38qjULzlc+4Vx4wm/whI9pQD35YrARNnhxeiRktSOhSukRLFNlzg6Br/cJPet5J/u19r/mg==
  
  recast@^0.16.1:
    version "0.16.1"
    resolved "https://registry.yarnpkg.com/recast/-/recast-0.16.1.tgz#865f1800ef76e42e5d0375763b80f4d6a05f2069"
    integrity sha512-ZUQm94F3AHozRaTo4Vz6yIgkSEZIL7p+BsWeGZ23rx+ZVRoqX+bvBA8br0xmCOU0DSR4qYGtV7Y5HxTsC4V78A==
    dependencies:
      ast-types "0.11.6"
      esprima "~4.0.0"
      private "~0.1.5"
      source-map "~0.6.1"
  
  source-map@~0.6.1:
    version "0.6.1"
    resolved "https://registry.yarnpkg.com/source-map/-/source-map-0.6.1.tgz#74722af32e9614e9c287a8d0bbde48b5e2f1a263"
    integrity sha512-UjgapumWlbMhkBgzT7Ykc5YXUT46F0iKu8SGXq0bcwP5dz/h0Plj6enJqjz1Zbq2l5WaqYnrVbwWOWMyF3F47g==
